<?xml version="1.0" encoding="UTF-8"?>
<testsuite xmlns:xsi="http://www.w3.org/2001/XMLSchema-instance" xsi:noNamespaceSchemaLocation="https://maven.apache.org/surefire/maven-surefire-plugin/xsd/surefire-test-report-3.0.xsd" version="3.0" name="br.edu.ifsul.cc.lpoo.pecuaria.test.TestPersistenciaJPA" time="1.742" tests="1" errors="0" skipped="0" failures="0">
  <properties>
[...]
</properties>
  <testcase name="testListaRacas" classname="br.edu.ifsul.cc.lpoo.pecuaria.test.TestPersistenciaJPA" time="1.682">
    <system-out><![CDATA[Teste de Lista. Tamanho da lista = 2
Raca incontrada id: 10 - Teste de setar raca list 100 
Raca alterada: Nome da Raca alterado
Raca removida id: 10

Raca incontrada id: 11 - Teste de setar raca list 200 
Raca alterada: Nome da Raca alterado
Raca removida id: 11

]]></system-out>
    <system-err><![CDATA[mar. 13, 2024 10:49:36 AM org.hibernate.ejb.HibernatePersistence logDeprecation
WARN: HHH015016: Encountered a deprecated javax.persistence.spi.PersistenceProvider [org.hibernate.ejb.HibernatePersistence]; use [org.hibernate.jpa.HibernatePersistenceProvider] instead.
mar. 13, 2024 10:49:36 AM org.hibernate.ejb.HibernatePersistence logDeprecation
WARN: HHH015016: Encountered a deprecated javax.persistence.spi.PersistenceProvider [org.hibernate.ejb.HibernatePersistence]; use [org.hibernate.jpa.HibernatePersistenceProvider] instead.
mar. 13, 2024 10:49:36 AM org.hibernate.jpa.internal.util.LogHelper logPersistenceUnitInformation
INFO: HHH000204: Processing PersistenceUnitInfo [
	name: pu_pecuaria
	...]
mar. 13, 2024 10:49:36 AM org.hibernate.Version logVersion
INFO: HHH000412: Hibernate Core {5.3.3.Final}
mar. 13, 2024 10:49:36 AM org.hibernate.cfg.Environment <clinit>
INFO: HHH000206: hibernate.properties not found
mar. 13, 2024 10:49:36 AM org.hibernate.annotations.common.reflection.java.JavaReflectionManager <clinit>
INFO: HCANN000001: Hibernate Commons Annotations {5.0.4.Final}
mar. 13, 2024 10:49:37 AM org.hibernate.engine.jdbc.connections.internal.DriverManagerConnectionProviderImpl configure
WARN: HHH10001002: Using Hibernate built-in connection pool (not for production use!)
mar. 13, 2024 10:49:37 AM org.hibernate.engine.jdbc.connections.internal.DriverManagerConnectionProviderImpl buildCreator
INFO: HHH10001005: using driver [org.postgresql.Driver] at URL [jdbc:postgresql://localhost:5432/db_pecuaria_2024_1]
mar. 13, 2024 10:49:37 AM org.hibernate.engine.jdbc.connections.internal.DriverManagerConnectionProviderImpl buildCreator
INFO: HHH10001001: Connection properties: {password=****, user=postgres}
mar. 13, 2024 10:49:37 AM org.hibernate.engine.jdbc.connections.internal.DriverManagerConnectionProviderImpl buildCreator
INFO: HHH10001003: Autocommit mode: false
mar. 13, 2024 10:49:37 AM org.hibernate.engine.jdbc.connections.internal.DriverManagerConnectionProviderImpl$PooledConnections <init>
INFO: HHH000115: Hibernate connection pool size: 20 (min=1)
mar. 13, 2024 10:49:37 AM org.hibernate.dialect.Dialect <init>
INFO: HHH000400: Using dialect: org.hibernate.dialect.PostgreSQL95Dialect
mar. 13, 2024 10:49:37 AM org.hibernate.engine.jdbc.env.internal.LobCreatorBuilderImpl useContextualLobCreation
INFO: HHH000424: Disabling contextual LOB creation as createClob() method threw error : java.lang.reflect.InvocationTargetException
mar. 13, 2024 10:49:37 AM org.hibernate.type.BasicTypeRegistry register
INFO: HHH000270: Type registration [java.util.UUID] overrides previous : org.hibernate.type.UUIDBinaryType@425357dd
mar. 13, 2024 10:49:38 AM org.hibernate.hql.internal.QueryTranslatorFactoryInitiator initiateService
INFO: HHH000397: Using ASTQueryTranslatorFactory
]]></system-err>
  </testcase>
</testsuite>